<?xml version="1.0" encoding="UTF-8"?>
<!-- Generated by org.testng.reporters.JUnitReportReporter -->
<testsuite hostname="Allies" failures="0" tests="2" name="testCases.TC_RegisterPatient" time="53.369" errors="0" timestamp="2024-11-02T14:13:00 IST" skipped="0">
  <testcase classname="testCases.TC_RegisterPatient" name="login" time="50.385"/>
  <testcase classname="testCases.TC_RegisterPatient" name="registerPatient" time="2.984"/>
</testsuite> <!-- testCases.TC_RegisterPatient -->
