<?xml version="1.0" encoding="UTF-8"?>
<!-- Generated by org.testng.reporters.JUnitReportReporter -->
<testsuite hostname="Allies" failures="0" tests="1" name="testCases.TC_Login" time="6.453" errors="0" timestamp="2024-10-31T21:39:56 IST" skipped="0">
  <testcase classname="testCases.TC_Login" name="loginTest" time="6.453"/>
</testsuite> <!-- testCases.TC_Login -->
