<?xml version="1.0" encoding="UTF-8"?>
<!-- Generated by org.testng.reporters.JUnitReportReporter -->
<testsuite hostname="Allies" failures="0" tests="1" name="testCases.DemoViewPatient" time="46.297" errors="0" timestamp="2024-11-15T14:32:38 IST" skipped="0">
  <testcase classname="testCases.DemoViewPatient" name="viewPatient" time="46.297"/>
</testsuite> <!-- testCases.DemoViewPatient -->
