<?xml version="1.0" encoding="UTF-8"?>
<!-- Generated by org.testng.reporters.JUnitReportReporter -->
<testsuite hostname="Allies" failures="0" tests="1" name="testCases.TC_Dashboard" time="3.898" errors="0" timestamp="2024-11-01T02:00:03 IST" skipped="0">
  <testcase classname="testCases.TC_Dashboard" name="loginTest1" time="3.898"/>
</testsuite> <!-- testCases.TC_Dashboard -->
